# JRE version: Java(TM) SE Runtime Environment (18.0.1.1+2) (build 18.0.1.1+2-6)
# Java VM: Java HotSpot(TM) 64-Bit Server VM (18.0.1.1+2-6, mixed mode, sharing, tiered, compressed oops, compressed class ptrs, g1 gc, windows-amd64)
GC Precious Log:
 CardTable entry size: 512
 Card Set container configuration: InlinePtr #cards 5 size 8 Array Of Cards #cards 12 size 40 Howl #buckets 4 coarsen threshold 1843 Howl Bitmap #cards 512 size 80 coarsen threshold 460 Card regions per heap region 1 cards per card region 2048
 CPUs: 4 total, 4 available
 Memory: 3959M
 Large Page Support: Disabled
 NUMA Support: Disabled
 Compressed Oops: Enabled (32-bit)
 Heap Region Size: 1M
 Heap Min Capacity: 8M
 Heap Initial Capacity: 62M
 Heap Max Capacity: 2G
 Pre-touch: Disabled
 Parallel Workers: 4
 Concurrent Workers: 1
 Concurrent Refinement Workers: 4
 Periodic GC: Disabled
Heap:
 garbage-first heap   total 517120K, used 243187K [0x0000000080000000, 0x0000000100000000)
  region size 1024K, 18 young (18432K), 18 survivors (18432K)
 Metaspace       used 109839K, committed 114432K, reserved 552960K
  class space    used 14367K, committed 16192K, reserved 421888K
GC Heap History (20 events):
Event: 1103.039 GC heap after
{Heap after GC invocations=108 (full 0):
 garbage-first heap   total 363520K, used 277195K [0x0000000080000000, 0x0000000100000000)
  region size 1024K, 6 young (6144K), 6 survivors (6144K)
 Metaspace       used 111328K, committed 113856K, reserved 552960K
  class space    used 14873K, committed 16128K, reserved 421888K
}
Event: 2092.284 GC heap before
{Heap before GC invocations=108 (full 0):
 garbage-first heap   total 363520K, used 315083K [0x0000000080000000, 0x0000000100000000)
  region size 1024K, 44 young (45056K), 6 survivors (6144K)
 Metaspace       used 111463K, committed 114048K, reserved 552960K
  class space    used 14875K, committed 16192K, reserved 421888K
}
Event: 2092.511 GC heap after
{Heap after GC invocations=109 (full 0):
 garbage-first heap   total 363520K, used 278926K [0x0000000080000000, 0x0000000100000000)
  region size 1024K, 5 young (5120K), 5 survivors (5120K)
 Metaspace       used 111463K, committed 114048K, reserved 552960K
  class space    used 14875K, committed 16192K, reserved 421888K
}
Event: 2138.887 GC heap before
{Heap before GC invocations=109 (full 0):
 garbage-first heap   total 363520K, used 316814K [0x0000000080000000, 0x0000000100000000)
  region size 1024K, 42 young (43008K), 5 survivors (5120K)
 Metaspace       used 111637K, committed 114240K, reserved 552960K
  class space    used 14876K, committed 16192K, reserved 421888K
}
Event: 2138.972 GC heap after
{Heap after GC invocations=110 (full 0):
 garbage-first heap   total 363520K, used 283542K [0x0000000080000000, 0x0000000100000000)
  region size 1024K, 6 young (6144K), 6 survivors (6144K)
 Metaspace       used 111637K, committed 114240K, reserved 552960K
  class space    used 14876K, committed 16192K, reserved 421888K
}
Event: 2142.029 GC heap before
{Heap before GC invocations=110 (full 0):
 garbage-first heap   total 363520K, used 317334K [0x0000000080000000, 0x0000000100000000)
  region size 1024K, 39 young (39936K), 6 survivors (6144K)
 Metaspace       used 111738K, committed 114368K, reserved 552960K
  class space    used 14877K, committed 16192K, reserved 421888K
}
Event: 2142.093 GC heap after
{Heap after GC invocations=111 (full 0):
 garbage-first heap   total 363520K, used 291984K [0x0000000080000000, 0x0000000100000000)
  region size 1024K, 5 young (5120K), 5 survivors (5120K)
 Metaspace       used 111738K, committed 114368K, reserved 552960K
  class space    used 14877K, committed 16192K, reserved 421888K
}
Event: 2143.283 GC heap before
{Heap before GC invocations=111 (full 0):
 garbage-first heap   total 363520K, used 314512K [0x0000000080000000, 0x0000000100000000)
  region size 1024K, 27 young (27648K), 5 survivors (5120K)
 Metaspace       used 111767K, committed 114368K, reserved 552960K
  class space    used 14878K, committed 16192K, reserved 421888K
}
Event: 2143.341 GC heap after
{Heap after GC invocations=112 (full 0):
 garbage-first heap   total 363520K, used 296200K [0x0000000080000000, 0x0000000100000000)
  region size 1024K, 4 young (4096K), 4 survivors (4096K)
 Metaspace       used 111767K, committed 114368K, reserved 552960K
  class space    used 14878K, committed 16192K, reserved 421888K
}
Event: 2144.858 GC heap before
{Heap before GC invocations=112 (full 0):
 garbage-first heap   total 363520K, used 315656K [0x0000000080000000, 0x0000000100000000)
  region size 1024K, 23 young (23552K), 4 survivors (4096K)
 Metaspace       used 111767K, committed 114368K, reserved 552960K
  class space    used 14878K, committed 16192K, reserved 421888K
}
Event: 2144.877 GC heap after
{Heap after GC invocations=113 (full 0):
 garbage-first heap   total 363520K, used 296262K [0x0000000080000000, 0x0000000100000000)
  region size 1024K, 1 young (1024K), 1 survivors (1024K)
 Metaspace       used 111767K, committed 114368K, reserved 552960K
  class space    used 14878K, committed 16192K, reserved 421888K
}
Event: 2155.344 GC heap before
{Heap before GC invocations=114 (full 0):
 garbage-first heap   total 517120K, used 315718K [0x0000000080000000, 0x0000000100000000)
  region size 1024K, 21 young (21504K), 1 survivors (1024K)
 Metaspace       used 109445K, committed 114368K, reserved 552960K
  class space    used 14350K, committed 16192K, reserved 421888K
}
Event: 2155.353 GC heap after
{Heap after GC invocations=115 (full 0):
 garbage-first heap   total 517120K, used 296223K [0x0000000080000000, 0x0000000100000000)
  region size 1024K, 2 young (2048K), 2 survivors (2048K)
 Metaspace       used 109445K, committed 114368K, reserved 552960K
  class space    used 14350K, committed 16192K, reserved 421888K
}
Event: 2155.689 GC heap before
{Heap before GC invocations=115 (full 0):
 garbage-first heap   total 517120K, used 319775K [0x0000000080000000, 0x0000000100000000)
  region size 1024K, 25 young (25600K), 2 survivors (2048K)
 Metaspace       used 109446K, committed 114368K, reserved 552960K
  class space    used 14350K, committed 16192K, reserved 421888K
}
Event: 2155.733 GC heap after
{Heap after GC invocations=116 (full 0):
 garbage-first heap   total 517120K, used 250389K [0x0000000080000000, 0x0000000100000000)
  region size 1024K, 3 young (3072K), 3 survivors (3072K)
 Metaspace       used 109446K, committed 114368K, reserved 552960K
  class space    used 14350K, committed 16192K, reserved 421888K
}
Event: 2156.107 GC heap before
{Heap before GC invocations=116 (full 0):
 garbage-first heap   total 517120K, used 272917K [0x0000000080000000, 0x0000000100000000)
  region size 1024K, 25 young (25600K), 3 survivors (3072K)
 Metaspace       used 109474K, committed 114368K, reserved 552960K
  class space    used 14351K, committed 16192K, reserved 421888K
}
Event: 2156.234 GC heap after
{Heap after GC invocations=117 (full 0):
 garbage-first heap   total 517120K, used 223131K [0x0000000080000000, 0x0000000100000000)
  region size 1024K, 3 young (3072K), 3 survivors (3072K)
 Metaspace       used 109474K, committed 114368K, reserved 552960K
  class space    used 14351K, committed 16192K, reserved 421888K
}
Event: 2156.499 GC heap before
{Heap before GC invocations=117 (full 0):
 garbage-first heap   total 517120K, used 245659K [0x0000000080000000, 0x0000000100000000)
  region size 1024K, 25 young (25600K), 3 survivors (3072K)
 Metaspace       used 109487K, committed 114368K, reserved 552960K
  class space    used 14352K, committed 16192K, reserved 421888K
}
Event: 2156.542 GC heap after
{Heap after GC invocations=118 (full 0):
 garbage-first heap   total 517120K, used 220302K [0x0000000080000000, 0x0000000100000000)
  region size 1024K, 3 young (3072K), 3 survivors (3072K)
 Metaspace       used 109487K, committed 114368K, reserved 552960K
  class space    used 14352K, committed 16192K, reserved 421888K
}
Event: 2162.083 GC heap before
{Heap before GC invocations=118 (full 0):
 garbage-first heap   total 517120K, used 364686K [0x0000000080000000, 0x0000000100000000)
  region size 1024K, 144 young (147456K), 3 survivors (3072K)
 Metaspace       used 109839K, committed 114432K, reserved 552960K
  class space    used 14367K, committed 16192K, reserved 421888K
}

