# JRE version: Java(TM) SE Runtime Environment (18.0.1.1+2) (build 18.0.1.1+2-6)
# Java VM: Java HotSpot(TM) 64-Bit Server VM (18.0.1.1+2-6, mixed mode, sharing, tiered, compressed oops, compressed class ptrs, g1 gc, windows-amd64)
GC Precious Log:
 CardTable entry size: 512
 Card Set container configuration: InlinePtr #cards 5 size 8 Array Of Cards #cards 12 size 40 Howl #buckets 4 coarsen threshold 1843 Howl Bitmap #cards 512 size 80 coarsen threshold 460 Card regions per heap region 1 cards per card region 2048
 CPUs: 4 total, 4 available
 Memory: 3959M
 Large Page Support: Disabled
 NUMA Support: Disabled
 Compressed Oops: Enabled (32-bit)
 Heap Region Size: 1M
 Heap Min Capacity: 8M
 Heap Initial Capacity: 62M
 Heap Max Capacity: 2G
 Pre-touch: Disabled
 Parallel Workers: 4
 Concurrent Workers: 1
 Concurrent Refinement Workers: 4
 Periodic GC: Disabled
Heap:
 garbage-first heap   total 409600K, used 279853K [0x0000000080000000, 0x0000000100000000)
  region size 1024K, 44 young (45056K), 3 survivors (3072K)
 Metaspace       used 107516K, committed 110080K, reserved 552960K
  class space    used 14433K, committed 15680K, reserved 421888K
GC Heap History (20 events):
Event: 316.114 GC heap before
{Heap before GC invocations=50 (full 0):
 garbage-first heap   total 314368K, used 254383K [0x0000000080000000, 0x0000000100000000)
  region size 1024K, 69 young (70656K), 2 survivors (2048K)
 Metaspace       used 103320K, committed 105856K, reserved 552960K
  class space    used 13980K, committed 15232K, reserved 421888K
}
Event: 316.139 GC heap after
{Heap after GC invocations=51 (full 0):
 garbage-first heap   total 314368K, used 194281K [0x0000000080000000, 0x0000000100000000)
  region size 1024K, 9 young (9216K), 9 survivors (9216K)
 Metaspace       used 103320K, committed 105856K, reserved 552960K
  class space    used 13980K, committed 15232K, reserved 421888K
}
Event: 319.654 GC heap before
{Heap before GC invocations=51 (full 0):
 garbage-first heap   total 314368K, used 256745K [0x0000000080000000, 0x0000000100000000)
  region size 1024K, 70 young (71680K), 9 survivors (9216K)
 Metaspace       used 104523K, committed 107008K, reserved 552960K
  class space    used 14139K, committed 15360K, reserved 421888K
}
Event: 319.694 GC heap after
{Heap after GC invocations=52 (full 0):
 garbage-first heap   total 314368K, used 201263K [0x0000000080000000, 0x0000000100000000)
  region size 1024K, 7 young (7168K), 7 survivors (7168K)
 Metaspace       used 104523K, committed 107008K, reserved 552960K
  class space    used 14139K, committed 15360K, reserved 421888K
}
Event: 328.798 GC heap before
{Heap before GC invocations=52 (full 0):
 garbage-first heap   total 314368K, used 258607K [0x0000000080000000, 0x0000000100000000)
  region size 1024K, 64 young (65536K), 7 survivors (7168K)
 Metaspace       used 104526K, committed 107008K, reserved 552960K
  class space    used 14139K, committed 15360K, reserved 421888K
}
Event: 328.841 GC heap after
{Heap after GC invocations=53 (full 0):
 garbage-first heap   total 314368K, used 210283K [0x0000000080000000, 0x0000000100000000)
  region size 1024K, 8 young (8192K), 8 survivors (8192K)
 Metaspace       used 104526K, committed 107008K, reserved 552960K
  class space    used 14139K, committed 15360K, reserved 421888K
}
Event: 333.643 GC heap before
{Heap before GC invocations=53 (full 0):
 garbage-first heap   total 314368K, used 260459K [0x0000000080000000, 0x0000000100000000)
  region size 1024K, 58 young (59392K), 8 survivors (8192K)
 Metaspace       used 104969K, committed 107456K, reserved 552960K
  class space    used 14196K, committed 15424K, reserved 421888K
}
Event: 333.679 GC heap after
{Heap after GC invocations=54 (full 0):
 garbage-first heap   total 314368K, used 217171K [0x0000000080000000, 0x0000000100000000)
  region size 1024K, 7 young (7168K), 7 survivors (7168K)
 Metaspace       used 104969K, committed 107456K, reserved 552960K
  class space    used 14196K, committed 15424K, reserved 421888K
}
Event: 334.739 GC heap before
{Heap before GC invocations=54 (full 0):
 garbage-first heap   total 314368K, used 263251K [0x0000000080000000, 0x0000000100000000)
  region size 1024K, 53 young (54272K), 7 survivors (7168K)
 Metaspace       used 105076K, committed 107520K, reserved 552960K
  class space    used 14198K, committed 15424K, reserved 421888K
}
Event: 334.758 GC heap after
{Heap after GC invocations=55 (full 0):
 garbage-first heap   total 314368K, used 221078K [0x0000000080000000, 0x0000000100000000)
  region size 1024K, 4 young (4096K), 4 survivors (4096K)
 Metaspace       used 105076K, committed 107520K, reserved 552960K
  class space    used 14198K, committed 15424K, reserved 421888K
}
Event: 338.166 GC heap before
{Heap before GC invocations=55 (full 0):
 garbage-first heap   total 314368K, used 266134K [0x0000000080000000, 0x0000000100000000)
  region size 1024K, 49 young (50176K), 4 survivors (4096K)
 Metaspace       used 105467K, committed 107968K, reserved 552960K
  class space    used 14208K, committed 15424K, reserved 421888K
}
Event: 338.180 GC heap after
{Heap after GC invocations=56 (full 0):
 garbage-first heap   total 314368K, used 224882K [0x0000000080000000, 0x0000000100000000)
  region size 1024K, 7 young (7168K), 7 survivors (7168K)
 Metaspace       used 105467K, committed 107968K, reserved 552960K
  class space    used 14208K, committed 15424K, reserved 421888K
}
Event: 342.148 GC heap before
{Heap before GC invocations=56 (full 0):
 garbage-first heap   total 314368K, used 266866K [0x0000000080000000, 0x0000000100000000)
  region size 1024K, 49 young (50176K), 7 survivors (7168K)
 Metaspace       used 105563K, committed 108032K, reserved 552960K
  class space    used 14210K, committed 15424K, reserved 421888K
}
Event: 342.234 GC heap after
{Heap after GC invocations=57 (full 0):
 garbage-first heap   total 314368K, used 228905K [0x0000000080000000, 0x0000000100000000)
  region size 1024K, 4 young (4096K), 4 survivors (4096K)
 Metaspace       used 105563K, committed 108032K, reserved 552960K
  class space    used 14210K, committed 15424K, reserved 421888K
}
Event: 353.296 GC heap before
{Heap before GC invocations=57 (full 0):
 garbage-first heap   total 409600K, used 268841K [0x0000000080000000, 0x0000000100000000)
  region size 1024K, 44 young (45056K), 4 survivors (4096K)
 Metaspace       used 105614K, committed 108096K, reserved 552960K
  class space    used 14210K, committed 15424K, reserved 421888K
}
Event: 353.363 GC heap after
{Heap after GC invocations=58 (full 0):
 garbage-first heap   total 409600K, used 232309K [0x0000000080000000, 0x0000000100000000)
  region size 1024K, 4 young (4096K), 4 survivors (4096K)
 Metaspace       used 105614K, committed 108096K, reserved 552960K
  class space    used 14210K, committed 15424K, reserved 421888K
}
Event: 358.519 GC heap before
{Heap before GC invocations=59 (full 0):
 garbage-first heap   total 409600K, used 328565K [0x0000000080000000, 0x0000000100000000)
  region size 1024K, 99 young (101376K), 4 survivors (4096K)
 Metaspace       used 107043K, committed 109568K, reserved 552960K
  class space    used 14392K, committed 15616K, reserved 421888K
}
Event: 358.552 GC heap after
{Heap after GC invocations=60 (full 0):
 garbage-first heap   total 409600K, used 241921K [0x0000000080000000, 0x0000000100000000)
  region size 1024K, 13 young (13312K), 13 survivors (13312K)
 Metaspace       used 107043K, committed 109568K, reserved 552960K
  class space    used 14392K, committed 15616K, reserved 421888K
}
Event: 358.725 GC heap before
{Heap before GC invocations=60 (full 0):
 garbage-first heap   total 409600K, used 248065K [0x0000000080000000, 0x0000000100000000)
  region size 1024K, 20 young (20480K), 13 survivors (13312K)
 Metaspace       used 107111K, committed 109632K, reserved 552960K
  class space    used 14394K, committed 15616K, reserved 421888K
}
Event: 358.792 GC heap after
{Heap after GC invocations=61 (full 0):
 garbage-first heap   total 409600K, used 239917K [0x0000000080000000, 0x0000000100000000)
  region size 1024K, 3 young (3072K), 3 survivors (3072K)
 Metaspace       used 107111K, committed 109632K, reserved 552960K
  class space    used 14394K, committed 15616K, reserved 421888K
}

